Nov 28, 2020 5:22:51 PM Store.StoreImpl <init>
INFO: Store server ON is now running.
Nov 28, 2020 5:23:37 PM Store.StoreImpl purchaseItem
INFO: Customer ONU1234 purchasing an item in foreign store QC
Nov 28, 2020 5:23:37 PM Store.StoreImpl purchaseItem
INFO: Sending UDP command to QC store...
Nov 28, 2020 5:23:52 PM Store.StoreImpl purchaseItem
INFO: Customer ONU1234 purchasing an item in local store ON
Nov 28, 2020 5:23:52 PM Store.StoreImpl LocalPurchaseItem
INFO: ONU1234 - Success. You have purchased a Tea (ON6231) for $10
Nov 28, 2020 5:24:06 PM Store.StoreImpl returnItem
INFO: Store Server sending UDP request to return item...
Nov 28, 2020 5:24:06 PM Store.StoreImpl returnItem
INFO: ONU1234 - Success. You have returned QC6231 for $30
Nov 28, 2020 5:24:06 PM Store.StoreImpl purchaseItem
INFO: Customer ONU1234 purchasing an item in foreign store QC
Nov 28, 2020 5:24:06 PM Store.StoreImpl purchaseItem
INFO: Sending UDP command to QC store...
Nov 28, 2020 5:24:11 PM Store.StoreImpl findItem
INFO: Store server sending UDP request to find item.
Nov 28, 2020 5:24:11 PM Store.StoreImpl findItem
INFO: Store server sending UDP request to find item.
Nov 28, 2020 5:24:27 PM Store.StoreImpl ForeignPurchaseItem
INFO: BCU1234 - Failed to purchase item ON6231. Item is out of stock.
Nov 28, 2020 5:24:28 PM Store.StoreImpl addLocalCustomerWaitList
INFO: Store ON Added BCU1234 to the waitlist for item ON6231
Nov 28, 2020 5:25:21 PM Store.StoreImpl addItem
INFO: RETURN - Success. Added 1 units of item ON6231 to inventory.
Nov 28, 2020 5:25:21 PM Store.StoreImpl ForeignPurchaseItem
INFO: BCU1234 - Success. You have purchased ON6231 for $10
Nov 28, 2020 5:25:21 PM Store.StoreImpl returnItem
INFO: ONU1234 - Success. You have returned ON6231 for $10
Nov 28, 2020 5:25:33 PM Store.StoreImpl listItemAvailability
INFO: Manager ONM1234 requested a list of all items in ON store.
Nov 28, 2020 5:25:49 PM Store.StoreImpl purchaseItem
INFO: ONU1234 - Failed to purchase item QC6231. You have reached your 1 item limit for the QC store.
